nohup: ignoring input

DO deu
python main.py -dd data/conll2003/deu -cd save_deu -rd resource --model-name bert-base-multilingual-cased --batch_size 8 &> runs/21-05-17_run_deu_full.log
python main.py -dd data/conll2003/deu_P-1000 -cd save_deu_P-1000 -rd resource --model-name bert-base-multilingual-cased --batch_size 8 -en 20 &> runs/21-05-17_run_deu_P-1000.log
python main.py -dd data/conll2003/deu_r0.5_p0.9 -cd save_deu_r0.5_p0.9 -rd resource --model-name bert-base-multilingual-cased --batch_size 8 -en 20 &> runs/21-05-17_run_deu_r0.5_p0.9.log

DO esp
python main.py -dd data/conll2003/esp -cd save_esp -rd resource --model-name bert-base-multilingual-cased --batch_size 8 &> runs/21-05-17_run_esp_full.log
python main.py -dd data/conll2003/esp_P-1000 -cd save_esp_P-1000 -rd resource --model-name bert-base-multilingual-cased --batch_size 8 -en 20 &> runs/21-05-17_run_esp_P-1000.log
python main.py -dd data/conll2003/esp_r0.5_p0.9 -cd save_esp_r0.5_p0.9 -rd resource --model-name bert-base-multilingual-cased --batch_size 8 -en 20 &> runs/21-05-17_run_esp_r0.5_p0.9.log

DO ned
python main.py -dd data/conll2003/ned -cd save_ned -rd resource --model-name bert-base-multilingual-cased --batch_size 8 &> runs/21-05-17_run_ned_full.log
python main.py -dd data/conll2003/ned_P-1000 -cd save_ned_P-1000 -rd resource --model-name bert-base-multilingual-cased --batch_size 8 -en 20 &> runs/21-05-17_run_ned_P-1000.log
python main.py -dd data/conll2003/ned_r0.5_p0.9 -cd save_ned_r0.5_p0.9 -rd resource --model-name bert-base-multilingual-cased --batch_size 8 -en 20 &> runs/21-05-17_run_ned_r0.5_p0.9.log

DO english
python main.py -dd data/ontonotes5/english -cd save_english -rd resource --model-name roberta-base --batch_size 8 &> runs/21-05-17_run_english_full.log
python main.py -dd data/ontonotes5/english_P-1000 -cd save_english_P-1000 -rd resource --model-name roberta-base --batch_size 8 -en 20 &> runs/21-05-17_run_english_P-1000.log
python main.py -dd data/ontonotes5/english_r0.5_p0.9 -cd save_english_r0.5_p0.9 -rd resource --model-name roberta-base --batch_size 8 -en 20 &> runs/21-05-17_run_english_r0.5_p0.9.log
run_stuff.sh: line 75:  9585 Killed                  python main.py -dd data/ontonotes5/${lang}_r0.5_p0.9 -cd save_${lang}_r0.5_p0.9 -rd resource --model-name $model_name --batch_size $batch_size &> runs/21-05-17_run_${lang}_r0.5_p0.9.log

DO chinese
python main.py -dd data/ontonotes5/chinese -cd save_chinese -rd resource --model-name bert-base-multilingual-cased --batch_size 8 &> runs/21-05-17_run_chinese_full.log
python main.py -dd data/ontonotes5/chinese_P-1000 -cd save_chinese_P-1000 -rd resource --model-name bert-base-multilingual-cased --batch_size 8 -en 20 &> runs/21-05-17_run_chinese_P-1000.log
python main.py -dd data/ontonotes5/chinese_r0.5_p0.9 -cd save_chinese_r0.5_p0.9 -rd resource --model-name bert-base-multilingual-cased --batch_size 8 -en 20 &> runs/21-05-17_run_chinese_r0.5_p0.9.log

DO arabic
python main.py -dd data/ontonotes5/arabic -cd save_arabic -rd resource --model-name bert-base-multilingual-cased --batch_size 8 &> runs/21-05-17_run_arabic_full.log
python main.py -dd data/ontonotes5/arabic_P-1000 -cd save_arabic_P-1000 -rd resource --model-name bert-base-multilingual-cased --batch_size 8 -en 20 &> runs/21-05-17_run_arabic_P-1000.log
python main.py -dd data/ontonotes5/arabic_r0.5_p0.9 -cd save_arabic_r0.5_p0.9 -rd resource --model-name bert-base-multilingual-cased --batch_size 8 -en 20 &> runs/21-05-17_run_arabic_r0.5_p0.9.log
